<?xml version="1.0" encoding="UTF-8"?>
<coverage generated="1486026621026" clover="3.1.12">
   <project name="Employee Management System 1.0.1.RELEASES" timestamp="0">
      <metrics coveredelements="0" complexity="23" loc="228" methods="22" classes="6" statements="32" packages="4" coveredconditionals="0" coveredmethods="0" elements="56" ncloc="175" files="6" conditionals="2" coveredstatements="0"/>
      <package name="com.sample.mvc.service">
         <metrics coveredelements="0" complexity="5" loc="62" methods="5" classes="2" statements="5" coveredconditionals="0" coveredmethods="0" elements="10" ncloc="47" files="2" conditionals="0" coveredstatements="0"/>
         <file path="C:\Users\sakshik\Desktop\AWS-EMS\EmployeeManagementSystem2\src\main\java\com\sample\mvc\service\EmployeeService.java" name="EmployeeService.java">
            <metrics coveredelements="0" coveredconditionals="0" complexity="0" loc="13" coveredmethods="0" methods="0" elements="0" classes="1" ncloc="10" statements="0" conditionals="0" coveredstatements="0"/>
            <class name="EmployeeService">
               <metrics coveredelements="0" coveredconditionals="0" complexity="0" coveredmethods="0" methods="0" elements="0" statements="0" conditionals="0" coveredstatements="0"/>
            </class>
         </file>
         <file path="C:\Users\sakshik\Desktop\AWS-EMS\EmployeeManagementSystem2\src\main\java\com\sample\mvc\service\EmployeeServiceImpl.java" name="EmployeeServiceImpl.java">
            <metrics coveredelements="0" coveredconditionals="0" complexity="5" loc="49" coveredmethods="0" methods="5" elements="10" classes="1" ncloc="37" statements="5" conditionals="0" coveredstatements="0"/>
            <class name="EmployeeServiceImpl">
               <metrics coveredelements="0" coveredconditionals="0" complexity="5" coveredmethods="0" methods="5" elements="10" statements="5" conditionals="0" coveredstatements="0"/>
            </class>
            <line complexity="1" visibility="public" signature="addEmployee(EmployeeCommand) : void" num="18" count="0" type="method"/>
            <line num="21" count="0" type="stmt"/>
            <line complexity="1" visibility="public" signature="deleteEmployee(Integer) : void" num="24" count="0" type="method"/>
            <line num="27" count="0" type="stmt"/>
            <line complexity="1" visibility="public" signature="getEmployeebyId(Integer) : EmployeeCommand" num="30" count="0" type="method"/>
            <line num="33" count="0" type="stmt"/>
            <line complexity="1" visibility="public" signature="listContact() : List&lt;EmployeeCommand&gt;" num="36" count="0" type="method"/>
            <line num="39" count="0" type="stmt"/>
            <line complexity="1" visibility="public" signature="updateEmployee(EmployeeCommand) : void" num="42" count="0" type="method"/>
            <line num="45" count="0" type="stmt"/>
         </file>
      </package>
      <package name="com.sample.mvc.model">
         <metrics coveredelements="0" complexity="6" loc="47" methods="6" classes="1" statements="6" coveredconditionals="0" coveredmethods="0" elements="12" ncloc="34" files="1" conditionals="0" coveredstatements="0"/>
         <file path="C:\Users\sakshik\Desktop\AWS-EMS\EmployeeManagementSystem2\src\main\java\com\sample\mvc\model\EmployeeCommand.java" name="EmployeeCommand.java">
            <metrics coveredelements="0" coveredconditionals="0" complexity="6" loc="47" coveredmethods="0" methods="6" elements="12" classes="1" ncloc="34" statements="6" conditionals="0" coveredstatements="0"/>
            <class name="EmployeeCommand">
               <metrics coveredelements="0" coveredconditionals="0" complexity="6" coveredmethods="0" methods="6" elements="12" statements="6" conditionals="0" coveredstatements="0"/>
            </class>
            <line complexity="1" visibility="public" signature="getName() : String" num="23" count="0" type="method"/>
            <line num="24" count="0" type="stmt"/>
            <line complexity="1" visibility="public" signature="setName(String) : void" num="27" count="0" type="method"/>
            <line num="28" count="0" type="stmt"/>
            <line complexity="1" visibility="public" signature="getCode() : int" num="31" count="0" type="method"/>
            <line num="32" count="0" type="stmt"/>
            <line complexity="1" visibility="public" signature="setCode(int) : void" num="35" count="0" type="method"/>
            <line num="36" count="0" type="stmt"/>
            <line complexity="1" visibility="public" signature="getCity() : String" num="39" count="0" type="method"/>
            <line num="40" count="0" type="stmt"/>
            <line complexity="1" visibility="public" signature="setCity(String) : void" num="43" count="0" type="method"/>
            <line num="44" count="0" type="stmt"/>
         </file>
      </package>
      <package name="com.sample.mvc.dao">
         <metrics coveredelements="0" complexity="6" loc="59" methods="5" classes="2" statements="8" coveredconditionals="0" coveredmethods="0" elements="15" ncloc="43" files="2" conditionals="2" coveredstatements="0"/>
         <file path="C:\Users\sakshik\Desktop\AWS-EMS\EmployeeManagementSystem2\src\main\java\com\sample\mvc\dao\EmployeeDAO.java" name="EmployeeDAO.java">
            <metrics coveredelements="0" coveredconditionals="0" complexity="0" loc="13" coveredmethods="0" methods="0" elements="0" classes="1" ncloc="10" statements="0" conditionals="0" coveredstatements="0"/>
            <class name="EmployeeDAO">
               <metrics coveredelements="0" coveredconditionals="0" complexity="0" coveredmethods="0" methods="0" elements="0" statements="0" conditionals="0" coveredstatements="0"/>
            </class>
         </file>
         <file path="C:\Users\sakshik\Desktop\AWS-EMS\EmployeeManagementSystem2\src\main\java\com\sample\mvc\dao\EmployeeDAOImpl.java" name="EmployeeDAOImpl.java">
            <metrics coveredelements="0" coveredconditionals="0" complexity="6" loc="46" coveredmethods="0" methods="5" elements="15" classes="1" ncloc="33" statements="8" conditionals="2" coveredstatements="0"/>
            <class name="EmployeeDAOImpl">
               <metrics coveredelements="0" coveredconditionals="0" complexity="6" coveredmethods="0" methods="5" elements="15" statements="8" conditionals="2" coveredstatements="0"/>
            </class>
            <line complexity="1" visibility="public" signature="addEmployee(EmployeeCommand) : void" num="15" count="0" type="method"/>
            <line num="17" count="0" type="stmt"/>
            <line complexity="2" visibility="public" signature="deleteEmployee(Integer) : void" num="20" count="0" type="method"/>
            <line num="22" count="0" type="stmt"/>
            <line num="23" count="0" type="stmt"/>
            <line falsecount="0" truecount="0" num="23" type="cond"/>
            <line num="24" count="0" type="stmt"/>
            <line complexity="1" visibility="public" signature="listContact() : List&lt;EmployeeCommand&gt;" num="28" count="0" type="method"/>
            <line num="30" count="0" type="stmt"/>
            <line complexity="1" visibility="public" signature="getEmployeebyId(Integer) : EmployeeCommand" num="33" count="0" type="method"/>
            <line num="35" count="0" type="stmt"/>
            <line num="36" count="0" type="stmt"/>
            <line complexity="1" visibility="public" signature="updateEmployee(EmployeeCommand) : void" num="39" count="0" type="method"/>
            <line num="41" count="0" type="stmt"/>
         </file>
      </package>
      <package name="com.sample.mvc.controller">
         <metrics coveredelements="0" complexity="6" loc="60" methods="6" classes="1" statements="13" coveredconditionals="0" coveredmethods="0" elements="19" ncloc="51" files="1" conditionals="0" coveredstatements="0"/>
         <file path="C:\Users\sakshik\Desktop\AWS-EMS\EmployeeManagementSystem2\src\main\java\com\sample\mvc\controller\EmployeeController.java" name="EmployeeController.java">
            <metrics coveredelements="0" coveredconditionals="0" complexity="6" loc="60" coveredmethods="0" methods="6" elements="19" classes="1" ncloc="51" statements="13" conditionals="0" coveredstatements="0"/>
            <class name="EmployeeController">
               <metrics coveredelements="0" coveredconditionals="0" complexity="6" coveredmethods="0" methods="6" elements="19" statements="13" conditionals="0" coveredstatements="0"/>
            </class>
            <line complexity="1" visibility="public" signature="viewHome() : String" num="21" count="0" type="method"/>
            <line num="23" count="0" type="stmt"/>
            <line complexity="1" visibility="public" signature="listContacts(Map&lt;String, Object&gt;) : String" num="26" count="0" type="method"/>
            <line num="28" count="0" type="stmt"/>
            <line num="29" count="0" type="stmt"/>
            <line num="30" count="0" type="stmt"/>
            <line complexity="1" visibility="public" signature="addEmployee(EmployeeCommand) : ModelAndView" num="33" count="0" type="method"/>
            <line num="36" count="0" type="stmt"/>
            <line num="37" count="0" type="stmt"/>
            <line complexity="1" visibility="public" signature="getEmployeeById(Integer,Model) : String" num="40" count="0" type="method"/>
            <line num="42" count="0" type="stmt"/>
            <line num="43" count="0" type="stmt"/>
            <line num="44" count="0" type="stmt"/>
            <line complexity="1" visibility="public" signature="updateEmployee(EmployeeCommand) : String" num="47" count="0" type="method"/>
            <line num="50" count="0" type="stmt"/>
            <line num="51" count="0" type="stmt"/>
            <line complexity="1" visibility="public" signature="deleteEmplyee(Integer) : String" num="54" count="0" type="method"/>
            <line num="57" count="0" type="stmt"/>
            <line num="58" count="0" type="stmt"/>
         </file>
      </package>
   </project>
   <testproject name="Employee Management System 1.0.1.RELEASES" timestamp="0">
      <metrics coveredelements="0" complexity="1" loc="25" methods="1" classes="1" statements="5" packages="1" coveredconditionals="0" coveredmethods="0" elements="6" ncloc="19" files="1" conditionals="0" coveredstatements="0"/>
      <package name="com.sample.mvc.init">
         <metrics coveredelements="0" complexity="1" loc="25" methods="1" classes="1" statements="5" coveredconditionals="0" coveredmethods="0" elements="6" ncloc="19" files="1" conditionals="0" coveredstatements="0"/>
         <file path="C:\Users\sakshik\Desktop\AWS-EMS\EmployeeManagementSystem2\src\test\java\com\sample\mvc\init\BaseTestConfig.java" name="BaseTestConfig.java">
            <metrics coveredelements="0" coveredconditionals="0" complexity="1" loc="25" coveredmethods="0" methods="1" elements="6" classes="1" ncloc="19" statements="5" conditionals="0" coveredstatements="0"/>
            <class name="BaseTestConfig">
               <metrics coveredelements="0" coveredconditionals="0" complexity="1" coveredmethods="0" methods="1" elements="6" statements="5" conditionals="0" coveredstatements="0"/>
            </class>
            <line complexity="1" visibility="public" signature="setupViewResolver() : UrlBasedViewResolver" num="16" count="0" type="method"/>
            <line num="18" count="0" type="stmt"/>
            <line num="19" count="0" type="stmt"/>
            <line num="20" count="0" type="stmt"/>
            <line num="21" count="0" type="stmt"/>
            <line num="22" count="0" type="stmt"/>
         </file>
      </package>
   </testproject>
</coverage>